23:31:19 DEBUG : Logs will be stored at 'C:/Github_Repo/xup_embedded_practice/lab8_platform/IDE.log'.
23:31:22 INFO  : Launching XSCT server: xsct.bat -n  -interactive C:\Github_Repo\xup_embedded_practice\lab8_platform\temp_xsdb_launch_script.tcl
23:31:23 INFO  : Registering command handlers for Vitis TCF services
23:31:23 INFO  : Platform repository initialization has completed.
23:31:26 INFO  : XSCT server has started successfully.
23:31:26 INFO  : Successfully done setting XSCT server connection channel  
23:31:30 INFO  : plnx-install-location is set to ''
23:31:30 INFO  : Successfully done setting workspace for the tool. 
23:31:30 INFO  : Successfully done query RDI_DATADIR 
23:32:06 INFO  : Result from executing command 'getProjects': system_wrapper
23:32:06 INFO  : Result from executing command 'getPlatforms': xilinx_zcu102_base_202220_1|C:/Xilinx/Vitis/2022.2/base_platforms/xilinx_zcu102_base_202220_1/xilinx_zcu102_base_202220_1.xpfm;xilinx_zcu102_base_dfx_202220_1|C:/Xilinx/Vitis/2022.2/base_platforms/xilinx_zcu102_base_dfx_202220_1/xilinx_zcu102_base_dfx_202220_1.xpfm;xilinx_zcu104_base_202220_1|C:/Xilinx/Vitis/2022.2/base_platforms/xilinx_zcu104_base_202220_1/xilinx_zcu104_base_202220_1.xpfm
23:32:07 WARN  : An unexpected exception occurred in the module 'platform project logging'
23:32:07 INFO  : Platform 'system_wrapper' is added to custom repositories.
23:32:20 INFO  : Platform 'system_wrapper' is added to custom repositories.
23:33:10 INFO  : No changes in MSS file content so sources will not be generated.
23:33:39 INFO  : Result from executing command 'getProjects': system_wrapper
23:33:39 INFO  : Result from executing command 'getPlatforms': system_wrapper|C:/Github_Repo/xup_embedded_practice/lab8_platform/system_wrapper/export/system_wrapper/system_wrapper.xpfm;xilinx_zcu102_base_202220_1|C:/Xilinx/Vitis/2022.2/base_platforms/xilinx_zcu102_base_202220_1/xilinx_zcu102_base_202220_1.xpfm;xilinx_zcu102_base_dfx_202220_1|C:/Xilinx/Vitis/2022.2/base_platforms/xilinx_zcu102_base_dfx_202220_1/xilinx_zcu102_base_dfx_202220_1.xpfm;xilinx_zcu104_base_202220_1|C:/Xilinx/Vitis/2022.2/base_platforms/xilinx_zcu104_base_202220_1/xilinx_zcu104_base_202220_1.xpfm
23:33:40 INFO  : Checking for BSP changes to sync application flags for project 'lab8'...
23:33:40 INFO  : Updating application flags with new BSP settings...
23:33:40 INFO  : Successfully updated application flags for project lab8.
23:33:46 INFO  : Checking for BSP changes to sync application flags for project 'lab8'...
23:37:24 INFO  : Checking for BSP changes to sync application flags for project 'zynq_fsbl'...
23:46:36 INFO  : Invoking Bootgen: bootgen -image output.bif -arch zynq -o C:/Github_Repo/xup_embedded_practice/lab8_platform/image/BOOT.bin
23:46:36 INFO  : Creating new bif file C:\Github_Repo\xup_embedded_practice\lab8_platform\image\output.bif
23:46:38 INFO  : Bootgen command execution is done.
23:17:27 DEBUG : Logs will be stored at 'C:/Github_Repo/xup_embedded_practice/lab8_platform/IDE.log'.
23:17:28 INFO  : Launching XSCT server: xsct.bat -n  -interactive C:\Github_Repo\xup_embedded_practice\lab8_platform\temp_xsdb_launch_script.tcl
23:17:31 INFO  : Platform repository initialization has completed.
23:17:33 INFO  : XSCT server has started successfully.
23:17:33 INFO  : Successfully done setting XSCT server connection channel  
23:17:33 INFO  : plnx-install-location is set to ''
23:17:33 INFO  : Successfully done setting workspace for the tool. 
23:17:44 INFO  : Registering command handlers for Vitis TCF services
23:17:48 INFO  : Successfully done query RDI_DATADIR 
