00:31:40 DEBUG : Logs will be stored at 'C:/Github_Repo/xup_embedded_practice/lab1_platform/IDE.log'.
00:31:44 INFO  : Launching XSCT server: xsct.bat -n  -interactive C:\Github_Repo\xup_embedded_practice\lab1_platform\temp_xsdb_launch_script.tcl
00:31:44 INFO  : Registering command handlers for Vitis TCF services
00:31:44 INFO  : Platform repository initialization has completed.
00:31:49 INFO  : XSCT server has started successfully.
00:31:49 INFO  : Successfully done setting XSCT server connection channel  
00:31:49 INFO  : plnx-install-location is set to ''
00:31:53 INFO  : Successfully done setting workspace for the tool. 
00:31:53 INFO  : Successfully done query RDI_DATADIR 
00:33:11 INFO  : Result from executing command 'getProjects': system_wrapper
00:33:11 INFO  : Result from executing command 'getPlatforms': xilinx_zcu102_base_202220_1|C:/Xilinx/Vitis/2022.2/base_platforms/xilinx_zcu102_base_202220_1/xilinx_zcu102_base_202220_1.xpfm;xilinx_zcu102_base_dfx_202220_1|C:/Xilinx/Vitis/2022.2/base_platforms/xilinx_zcu102_base_dfx_202220_1/xilinx_zcu102_base_dfx_202220_1.xpfm;xilinx_zcu104_base_202220_1|C:/Xilinx/Vitis/2022.2/base_platforms/xilinx_zcu104_base_202220_1/xilinx_zcu104_base_202220_1.xpfm
00:33:12 WARN  : An unexpected exception occurred in the module 'platform project logging'
00:33:12 INFO  : Platform 'system_wrapper' is added to custom repositories.
00:33:24 INFO  : Platform 'system_wrapper' is added to custom repositories.
00:35:22 INFO  : Result from executing command 'getProjects': system_wrapper
00:35:22 INFO  : Result from executing command 'getPlatforms': system_wrapper|C:/Github_Repo/xup_embedded_practice/lab1_platform/system_wrapper/export/system_wrapper/system_wrapper.xpfm;xilinx_zcu102_base_202220_1|C:/Xilinx/Vitis/2022.2/base_platforms/xilinx_zcu102_base_202220_1/xilinx_zcu102_base_202220_1.xpfm;xilinx_zcu102_base_dfx_202220_1|C:/Xilinx/Vitis/2022.2/base_platforms/xilinx_zcu102_base_dfx_202220_1/xilinx_zcu102_base_dfx_202220_1.xpfm;xilinx_zcu104_base_202220_1|C:/Xilinx/Vitis/2022.2/base_platforms/xilinx_zcu104_base_202220_1/xilinx_zcu104_base_202220_1.xpfm
00:35:22 INFO  : Checking for BSP changes to sync application flags for project 'lab1'...
00:38:13 INFO  : Connected to target on host '127.0.0.1' and port '3121'.
00:38:14 INFO  : Jtag cable 'Xilinx TUL 1234-tulA' is selected.
00:38:14 INFO  : 'jtag frequency' command is executed.
00:38:14 INFO  : Context for 'APU' is selected.
00:38:14 INFO  : System reset is completed.
00:38:17 INFO  : 'after 3000' command is executed.
00:38:17 INFO  : Context for 'APU' is selected.
00:38:17 INFO  : Hardware design and registers information is loaded from 'C:/Github_Repo/xup_embedded_practice/lab1_platform/system_wrapper/export/system_wrapper/hw/system_wrapper.xsa'.
00:38:17 INFO  : 'configparams force-mem-access 1' command is executed.
00:38:17 INFO  : Context for 'APU' is selected.
00:38:17 INFO  : Sourcing of 'C:/Github_Repo/xup_embedded_practice/lab1_platform/lab1/_ide/psinit/ps7_init.tcl' is done.
00:38:17 INFO  : 'ps7_init' command is executed.
00:38:17 INFO  : 'ps7_post_config' command is executed.
00:38:17 INFO  : Context for processor 'ps7_cortexa9_0' is selected.
00:38:17 INFO  : The application 'C:/Github_Repo/xup_embedded_practice/lab1_platform/lab1/Debug/lab1.elf' is downloaded to processor 'ps7_cortexa9_0'.
00:38:17 INFO  : 'configparams force-mem-access 0' command is executed.
00:38:17 INFO  : ----------------XSDB Script----------------
connect -url tcp:127.0.0.1:3121
targets -set -nocase -filter {name =~"APU*"}
rst -system
after 3000
targets -set -nocase -filter {name =~"APU*"}
loadhw -hw C:/Github_Repo/xup_embedded_practice/lab1_platform/system_wrapper/export/system_wrapper/hw/system_wrapper.xsa -mem-ranges [list {0x40000000 0xbfffffff}] -regs
configparams force-mem-access 1
targets -set -nocase -filter {name =~"APU*"}
source C:/Github_Repo/xup_embedded_practice/lab1_platform/lab1/_ide/psinit/ps7_init.tcl
ps7_init
ps7_post_config
targets -set -nocase -filter {name =~ "*A9*#0"}
dow C:/Github_Repo/xup_embedded_practice/lab1_platform/lab1/Debug/lab1.elf
configparams force-mem-access 0
----------------End of Script----------------

00:38:17 INFO  : Context for processor 'ps7_cortexa9_0' is selected.
00:38:18 INFO  : 'con' command is executed.
00:38:18 INFO  : ----------------XSDB Script (After Launch)----------------
targets -set -nocase -filter {name =~ "*A9*#0"}
con
----------------End of Script----------------

00:38:18 INFO  : Launch script is exported to file 'C:\Github_Repo\xup_embedded_practice\lab1_platform\lab1_system\_ide\scripts\debugger_lab1-default.tcl'
00:39:05 INFO  : Disconnected from the channel tcfchan#2.
00:39:06 INFO  : Connected to target on host '127.0.0.1' and port '3121'.
00:39:15 INFO  : ----------------XSDB Script----------------
connect -url tcp:127.0.0.1:3121
----------------End of Script----------------

00:39:15 ERROR : Could not find ARM device on the board for connection 'Local'.
Check if the target is in:
1. Split JTAG - No operations are possible with ARM DAP.
2. Non JTAG bootmode - Bootrom may need time to enable DAP.
Please try again.


Troubleshooting hints:
1. Check whether board is connected to system properly.
2. In case of zynq board, check whether Digilent/Xilinx cable switch settings are correct.
3. If you are using Xilinx Platform Cable USB, ensure that status LED is green.
00:39:55 INFO  : Connected to target on host '127.0.0.1' and port '3121'.
00:39:55 INFO  : Jtag cable 'Xilinx TUL 1234-tulA' is selected.
00:39:55 INFO  : 'jtag frequency' command is executed.
00:39:55 INFO  : Context for 'APU' is selected.
00:39:55 INFO  : System reset is completed.
00:39:58 INFO  : 'after 3000' command is executed.
00:39:58 INFO  : Context for 'APU' is selected.
00:39:58 INFO  : Hardware design and registers information is loaded from 'C:/Github_Repo/xup_embedded_practice/lab1_platform/system_wrapper/export/system_wrapper/hw/system_wrapper.xsa'.
00:39:58 INFO  : 'configparams force-mem-access 1' command is executed.
00:39:58 INFO  : Context for 'APU' is selected.
00:39:58 INFO  : Sourcing of 'C:/Github_Repo/xup_embedded_practice/lab1_platform/lab1/_ide/psinit/ps7_init.tcl' is done.
00:39:58 INFO  : 'ps7_init' command is executed.
00:39:58 INFO  : 'ps7_post_config' command is executed.
00:39:58 INFO  : Context for processor 'ps7_cortexa9_0' is selected.
00:39:58 INFO  : The application 'C:/Github_Repo/xup_embedded_practice/lab1_platform/lab1/Debug/lab1.elf' is downloaded to processor 'ps7_cortexa9_0'.
00:39:58 INFO  : 'configparams force-mem-access 0' command is executed.
00:39:58 INFO  : ----------------XSDB Script----------------
connect -url tcp:127.0.0.1:3121
targets -set -nocase -filter {name =~"APU*"}
rst -system
after 3000
targets -set -nocase -filter {name =~"APU*"}
loadhw -hw C:/Github_Repo/xup_embedded_practice/lab1_platform/system_wrapper/export/system_wrapper/hw/system_wrapper.xsa -mem-ranges [list {0x40000000 0xbfffffff}] -regs
configparams force-mem-access 1
targets -set -nocase -filter {name =~"APU*"}
source C:/Github_Repo/xup_embedded_practice/lab1_platform/lab1/_ide/psinit/ps7_init.tcl
ps7_init
ps7_post_config
targets -set -nocase -filter {name =~ "*A9*#0"}
dow C:/Github_Repo/xup_embedded_practice/lab1_platform/lab1/Debug/lab1.elf
configparams force-mem-access 0
----------------End of Script----------------

00:39:59 INFO  : Context for processor 'ps7_cortexa9_0' is selected.
00:39:59 INFO  : 'con' command is executed.
00:39:59 INFO  : ----------------XSDB Script (After Launch)----------------
targets -set -nocase -filter {name =~ "*A9*#0"}
con
----------------End of Script----------------

00:39:59 INFO  : Launch script is exported to file 'C:\Github_Repo\xup_embedded_practice\lab1_platform\lab1_system\_ide\scripts\debugger_lab1-default.tcl'
00:40:31 INFO  : Disconnected from the channel tcfchan#3.
